<?xml version="1.0" encoding="UTF-8"?>
<!-- Generated by org.testng.reporters.JUnitReportReporter -->
<testsuite hostname="dell" name="com.TestNG.Annotions1" tests="3" failures="0" timestamp="13 Dec 2018 18:55:40 GMT" time="0.042" errors="0">
  <testcase name="login" time="0.003" classname="com.TestNG.Annotions1"/>
  <testcase name="inbox" time="0.013" classname="com.TestNG.Annotions1"/>
  <testcase name="browserlaunch" time="0.026" classname="com.TestNG.Annotions1"/>
</testsuite> <!-- com.TestNG.Annotions1 -->
