<?xml version="1.0" encoding="UTF-8"?>
<!-- Generated by org.testng.reporters.JUnitReportReporter -->
<testsuite hostname="dell" name="com.TestNG.Registeration" tests="2" failures="0" timestamp="27 Dec 2018 07:16:28 GMT" time="0.022" errors="2">
  <testcase name="User_registration" time="0.015" classname="com.TestNG.Registeration">
    <error type="org.openqa.selenium.WebDriverException" message="Failed to connect to binary FirefoxBinary(C:\Program Files (x86)\Mozilla Firefox\firefox.exe) on port 7055; process output follows: 
: message was deserialized, but the handler returned false (indicating failure)

1545894966322	addons.manager	DEBUG	Starting provider: &lt;unnamed-provider&gt;
1545894966322	addons.manager	DEBUG	Registering shutdown blocker for &lt;unnamed-provider&gt;
1545894966323	addons.manager	DEBUG	Provider finished startup: &lt;unnamed-provider&gt;
1545894966331	addons.xpi	INFO	Mapping fxdriver@googlecode.com to C:\Users\DELL PC\AppData\Local\Temp\anonymous7534158661332238409webdriver-profile\extensions\fxdriver@googlecode.com
1545894966331	addons.xpi	DEBUG	Ignoring file entry whose name is not a valid add-on ID: C:\Users\DELL PC\AppData\Local\Temp\anonymous7534158661332238409webdriver-profile\extensions\webdriver-staging
1545894966332	addons.xpi	DEBUG	Existing add-on fxdriver@googlecode.com in app-profile
1545894966335	addons.xpi	INFO	Mapping activity-stream@mozilla.org to C:\Program Files (x86)\Mozilla Firefox\browser\features\activity-stream@mozilla.org.xpi
1545894966335	addons.xpi	INFO	Mapping aushelper@mozilla.org to C:\Program Files (x86)\Mozilla Firefox\browser\features\aushelper@mozilla.org.xpi
1545894966335	addons.xpi	INFO	Mapping clicktoplay-rollout@mozilla.org to C:\Program Files (x86)\Mozilla Firefox\browser\features\clicktoplay-rollout@mozilla.org.xpi
1545894966336	addons.xpi	INFO	Mapping e10srollout@mozilla.org to C:\Program Files (x86)\Mozilla Firefox\browser\features\e10srollout@mozilla.org.xpi
1545894966337	addons.xpi	INFO	Mapping firefox@getpocket.com to C:\Program Files (x86)\Mozilla Firefox\browser\features\firefox@getpocket.com.xpi
1545894966337	addons.xpi	INFO	Mapping followonsearch@mozilla.com to C:\Program Files (x86)\Mozilla Firefox\browser\features\followonsearch@mozilla.com.xpi
1545894966338	addons.xpi	INFO	Mapping formautofill@mozilla.org to C:\Program Files (x86)\Mozilla Firefox\browser\features\formautofill@mozilla.org.xpi
1545894966338	addons.xpi	INFO	Mapping onboarding@mozilla.org to C:\Program Files (x86)\Mozilla Firefox\browser\features\onboarding@mozilla.org.xpi
1545894966339	addons.xpi	INFO	Mapping screenshots@mozilla.org to C:\Program Files (x86)\Mozilla Firefox\browser\features\screenshots@mozilla.org.xpi
1545894966339	addons.xpi	INFO	Mapping shield-recipe-client@mozilla.org to C:\Program Files (x86)\Mozilla Firefox\browser\features\shield-recipe-client@mozilla.org.xpi
1545894966339	addons.xpi	INFO	Mapping webcompat@mozilla.org to C:\Program Files (x86)\Mozilla Firefox\browser\features\webcompat@mozilla.org.xpi
1545894966341	addons.xpi	DEBUG	Existing add-on activity-stream@mozilla.org in app-system-defaults
1545894966342	addons.xpi	DEBUG	Existing add-on aushelper@mozilla.org in app-system-defaults
1545894966343	addons.xpi	DEBUG	Existing add-on clicktoplay-rollout@mozilla.org in app-system-defaults
1545894966344	addons.xpi	DEBUG	Existing add-on e10srollout@mozilla.org in app-system-defaults
1545894966345	addons.xpi	DEBUG	Existing add-on firefox@getpocket.com in app-system-defaults
1545894966346	addons.xpi	DEBUG	Existing add-on followonsearch@mozilla.com in app-system-defaults
1545894966347	addons.xpi	DEBUG	Existing add-on formautofill@mozilla.org in app-system-defaults
1545894966347	addons.xpi	DEBUG	Existing add-on onboarding@mozilla.org in app-system-defaults
1545894966348	addons.xpi	DEBUG	Existing add-on screenshots@mozilla.org in app-system-defaults
1545894966349	addons.xpi	DEBUG	Existing add-on shield-recipe-client@mozilla.org in app-system-defaults
1545894966349	addons.xpi	DEBUG	Existing add-on webcompat@mozilla.org in app-system-defaults
1545894966350	addons.xpi	INFO	Mapping {972ce4c6-7e08-4474-a285-3208198ce6fd} to C:\Program Files (x86)\Mozilla Firefox\browser\extensions\{972ce4c6-7e08-4474-a285-3208198ce6fd}.xpi
1545894966351	addons.xpi	DEBUG	Existing add-on {972ce4c6-7e08-4474-a285-3208198ce6fd} in app-global
1545894966352	addons.xpi	DEBUG	Existing add-on light_plugin_F88CEF8523DE460F9FA1D6E48BF8D340@kaspersky.com in winreg-app-global
1545894966352	addons.xpi	DEBUG	getInstallState changed: false, state: {}
1545894966417	DeferredSave.webext.sc.lz4	DEBUG	Write succeeded

Build info: version: &#039;2.53.1&#039;, revision: &#039;a36b8b1&#039;, time: &#039;2016-06-30 17:37:03&#039;
System info: host: &#039;dell&#039;, ip: &#039;192.168.0.7&#039;, os.name: &#039;Windows 8.1&#039;, os.arch: &#039;amd64&#039;, os.version: &#039;6.3&#039;, java.version: &#039;1.8.0_161&#039;
Driver info: driver.version: FirefoxDriver">
      <![CDATA[org.openqa.selenium.WebDriverException: Failed to connect to binary FirefoxBinary(C:\Program Files (x86)\Mozilla Firefox\firefox.exe) on port 7055; process output follows: 
: message was deserialized, but the handler returned false (indicating failure)

1545894966322	addons.manager	DEBUG	Starting provider: <unnamed-provider>
1545894966322	addons.manager	DEBUG	Registering shutdown blocker for <unnamed-provider>
1545894966323	addons.manager	DEBUG	Provider finished startup: <unnamed-provider>
1545894966331	addons.xpi	INFO	Mapping fxdriver@googlecode.com to C:\Users\DELL PC\AppData\Local\Temp\anonymous7534158661332238409webdriver-profile\extensions\fxdriver@googlecode.com
1545894966331	addons.xpi	DEBUG	Ignoring file entry whose name is not a valid add-on ID: C:\Users\DELL PC\AppData\Local\Temp\anonymous7534158661332238409webdriver-profile\extensions\webdriver-staging
1545894966332	addons.xpi	DEBUG	Existing add-on fxdriver@googlecode.com in app-profile
1545894966335	addons.xpi	INFO	Mapping activity-stream@mozilla.org to C:\Program Files (x86)\Mozilla Firefox\browser\features\activity-stream@mozilla.org.xpi
1545894966335	addons.xpi	INFO	Mapping aushelper@mozilla.org to C:\Program Files (x86)\Mozilla Firefox\browser\features\aushelper@mozilla.org.xpi
1545894966335	addons.xpi	INFO	Mapping clicktoplay-rollout@mozilla.org to C:\Program Files (x86)\Mozilla Firefox\browser\features\clicktoplay-rollout@mozilla.org.xpi
1545894966336	addons.xpi	INFO	Mapping e10srollout@mozilla.org to C:\Program Files (x86)\Mozilla Firefox\browser\features\e10srollout@mozilla.org.xpi
1545894966337	addons.xpi	INFO	Mapping firefox@getpocket.com to C:\Program Files (x86)\Mozilla Firefox\browser\features\firefox@getpocket.com.xpi
1545894966337	addons.xpi	INFO	Mapping followonsearch@mozilla.com to C:\Program Files (x86)\Mozilla Firefox\browser\features\followonsearch@mozilla.com.xpi
1545894966338	addons.xpi	INFO	Mapping formautofill@mozilla.org to C:\Program Files (x86)\Mozilla Firefox\browser\features\formautofill@mozilla.org.xpi
1545894966338	addons.xpi	INFO	Mapping onboarding@mozilla.org to C:\Program Files (x86)\Mozilla Firefox\browser\features\onboarding@mozilla.org.xpi
1545894966339	addons.xpi	INFO	Mapping screenshots@mozilla.org to C:\Program Files (x86)\Mozilla Firefox\browser\features\screenshots@mozilla.org.xpi
1545894966339	addons.xpi	INFO	Mapping shield-recipe-client@mozilla.org to C:\Program Files (x86)\Mozilla Firefox\browser\features\shield-recipe-client@mozilla.org.xpi
1545894966339	addons.xpi	INFO	Mapping webcompat@mozilla.org to C:\Program Files (x86)\Mozilla Firefox\browser\features\webcompat@mozilla.org.xpi
1545894966341	addons.xpi	DEBUG	Existing add-on activity-stream@mozilla.org in app-system-defaults
1545894966342	addons.xpi	DEBUG	Existing add-on aushelper@mozilla.org in app-system-defaults
1545894966343	addons.xpi	DEBUG	Existing add-on clicktoplay-rollout@mozilla.org in app-system-defaults
1545894966344	addons.xpi	DEBUG	Existing add-on e10srollout@mozilla.org in app-system-defaults
1545894966345	addons.xpi	DEBUG	Existing add-on firefox@getpocket.com in app-system-defaults
1545894966346	addons.xpi	DEBUG	Existing add-on followonsearch@mozilla.com in app-system-defaults
1545894966347	addons.xpi	DEBUG	Existing add-on formautofill@mozilla.org in app-system-defaults
1545894966347	addons.xpi	DEBUG	Existing add-on onboarding@mozilla.org in app-system-defaults
1545894966348	addons.xpi	DEBUG	Existing add-on screenshots@mozilla.org in app-system-defaults
1545894966349	addons.xpi	DEBUG	Existing add-on shield-recipe-client@mozilla.org in app-system-defaults
1545894966349	addons.xpi	DEBUG	Existing add-on webcompat@mozilla.org in app-system-defaults
1545894966350	addons.xpi	INFO	Mapping {972ce4c6-7e08-4474-a285-3208198ce6fd} to C:\Program Files (x86)\Mozilla Firefox\browser\extensions\{972ce4c6-7e08-4474-a285-3208198ce6fd}.xpi
1545894966351	addons.xpi	DEBUG	Existing add-on {972ce4c6-7e08-4474-a285-3208198ce6fd} in app-global
1545894966352	addons.xpi	DEBUG	Existing add-on light_plugin_F88CEF8523DE460F9FA1D6E48BF8D340@kaspersky.com in winreg-app-global
1545894966352	addons.xpi	DEBUG	getInstallState changed: false, state: {}
1545894966417	DeferredSave.webext.sc.lz4	DEBUG	Write succeeded

Build info: version: '2.53.1', revision: 'a36b8b1', time: '2016-06-30 17:37:03'
System info: host: 'dell', ip: '192.168.0.7', os.name: 'Windows 8.1', os.arch: 'amd64', os.version: '6.3', java.version: '1.8.0_161'
Driver info: driver.version: FirefoxDriver
	at org.openqa.selenium.firefox.internal.NewProfileExtensionConnection.start(NewProfileExtensionConnection.java:124)
	at org.openqa.selenium.firefox.FirefoxDriver.startClient(FirefoxDriver.java:271)
	at org.openqa.selenium.remote.RemoteWebDriver.<init>(RemoteWebDriver.java:119)
	at org.openqa.selenium.firefox.FirefoxDriver.<init>(FirefoxDriver.java:218)
	at org.openqa.selenium.firefox.FirefoxDriver.<init>(FirefoxDriver.java:211)
	at org.openqa.selenium.firefox.FirefoxDriver.<init>(FirefoxDriver.java:207)
	at org.openqa.selenium.firefox.FirefoxDriver.<init>(FirefoxDriver.java:120)
	at com.TestNG.Registeration.Setup(Registeration.java:19)
	at sun.reflect.NativeMethodAccessorImpl.invoke0(Native Method)
	at sun.reflect.NativeMethodAccessorImpl.invoke(Unknown Source)
	at sun.reflect.DelegatingMethodAccessorImpl.invoke(Unknown Source)
	at java.lang.reflect.Method.invoke(Unknown Source)
	at org.testng.internal.MethodInvocationHelper.invokeMethod(MethodInvocationHelper.java:85)
	at org.testng.internal.Invoker.invokeConfigurationMethod(Invoker.java:510)
	at org.testng.internal.Invoker.invokeConfigurations(Invoker.java:211)
	at org.testng.internal.Invoker.invokeConfigurations(Invoker.java:138)
	at org.testng.TestRunner.beforeRun(TestRunner.java:648)
	at org.testng.TestRunner.run(TestRunner.java:616)
	at org.testng.SuiteRunner.runTest(SuiteRunner.java:359)
	at org.testng.SuiteRunner.runSequentially(SuiteRunner.java:354)
	at org.testng.SuiteRunner.privateRun(SuiteRunner.java:312)
	at org.testng.SuiteRunner.run(SuiteRunner.java:261)
	at org.testng.SuiteRunnerWorker.runSuite(SuiteRunnerWorker.java:52)
	at org.testng.SuiteRunnerWorker.run(SuiteRunnerWorker.java:86)
	at org.testng.TestNG.runSuitesSequentially(TestNG.java:1215)
	at org.testng.TestNG.runSuitesLocally(TestNG.java:1140)
	at org.testng.TestNG.run(TestNG.java:1048)
	at org.testng.remote.AbstractRemoteTestNG.run(AbstractRemoteTestNG.java:114)
	at org.testng.remote.RemoteTestNG.initAndRun(RemoteTestNG.java:251)
	at org.testng.remote.RemoteTestNG.main(RemoteTestNG.java:77)
Caused by: org.openqa.selenium.firefox.NotConnectedException: Unable to connect to host 127.0.0.1 on port 7055 after 45000 ms. Firefox console output:
: message was deserialized, but the handler returned false (indicating failure)

1545894966322	addons.manager	DEBUG	Starting provider: <unnamed-provider>
1545894966322	addons.manager	DEBUG	Registering shutdown blocker for <unnamed-provider>
1545894966323	addons.manager	DEBUG	Provider finished startup: <unnamed-provider>
1545894966331	addons.xpi	INFO	Mapping fxdriver@googlecode.com to C:\Users\DELL PC\AppData\Local\Temp\anonymous7534158661332238409webdriver-profile\extensions\fxdriver@googlecode.com
1545894966331	addons.xpi	DEBUG	Ignoring file entry whose name is not a valid add-on ID: C:\Users\DELL PC\AppData\Local\Temp\anonymous7534158661332238409webdriver-profile\extensions\webdriver-staging
1545894966332	addons.xpi	DEBUG	Existing add-on fxdriver@googlecode.com in app-profile
1545894966335	addons.xpi	INFO	Mapping activity-stream@mozilla.org to C:\Program Files (x86)\Mozilla Firefox\browser\features\activity-stream@mozilla.org.xpi
1545894966335	addons.xpi	INFO	Mapping aushelper@mozilla.org to C:\Program Files (x86)\Mozilla Firefox\browser\features\aushelper@mozilla.org.xpi
1545894966335	addons.xpi	INFO	Mapping clicktoplay-rollout@mozilla.org to C:\Program Files (x86)\Mozilla Firefox\browser\features\clicktoplay-rollout@mozilla.org.xpi
1545894966336	addons.xpi	INFO	Mapping e10srollout@mozilla.org to C:\Program Files (x86)\Mozilla Firefox\browser\features\e10srollout@mozilla.org.xpi
1545894966337	addons.xpi	INFO	Mapping firefox@getpocket.com to C:\Program Files (x86)\Mozilla Firefox\browser\features\firefox@getpocket.com.xpi
1545894966337	addons.xpi	INFO	Mapping followonsearch@mozilla.com to C:\Program Files (x86)\Mozilla Firefox\browser\features\followonsearch@mozilla.com.xpi
1545894966338	addons.xpi	INFO	Mapping formautofill@mozilla.org to C:\Program Files (x86)\Mozilla Firefox\browser\features\formautofill@mozilla.org.xpi
1545894966338	addons.xpi	INFO	Mapping onboarding@mozilla.org to C:\Program Files (x86)\Mozilla Firefox\browser\features\onboarding@mozilla.org.xpi
1545894966339	addons.xpi	INFO	Mapping screenshots@mozilla.org to C:\Program Files (x86)\Mozilla Firefox\browser\features\screenshots@mozilla.org.xpi
1545894966339	addons.xpi	INFO	Mapping shield-recipe-client@mozilla.org to C:\Program Files (x86)\Mozilla Firefox\browser\features\shield-recipe-client@mozilla.org.xpi
1545894966339	addons.xpi	INFO	Mapping webcompat@mozilla.org to C:\Program Files (x86)\Mozilla Firefox\browser\features\webcompat@mozilla.org.xpi
1545894966341	addons.xpi	DEBUG	Existing add-on activity-stream@mozilla.org in app-system-defaults
1545894966342	addons.xpi	DEBUG	Existing add-on aushelper@mozilla.org in app-system-defaults
1545894966343	addons.xpi	DEBUG	Existing add-on clicktoplay-rollout@mozilla.org in app-system-defaults
1545894966344	addons.xpi	DEBUG	Existing add-on e10srollout@mozilla.org in app-system-defaults
1545894966345	addons.xpi	DEBUG	Existing add-on firefox@getpocket.com in app-system-defaults
1545894966346	addons.xpi	DEBUG	Existing add-on followonsearch@mozilla.com in app-system-defaults
1545894966347	addons.xpi	DEBUG	Existing add-on formautofill@mozilla.org in app-system-defaults
1545894966347	addons.xpi	DEBUG	Existing add-on onboarding@mozilla.org in app-system-defaults
1545894966348	addons.xpi	DEBUG	Existing add-on screenshots@mozilla.org in app-system-defaults
1545894966349	addons.xpi	DEBUG	Existing add-on shield-recipe-client@mozilla.org in app-system-defaults
1545894966349	addons.xpi	DEBUG	Existing add-on webcompat@mozilla.org in app-system-defaults
1545894966350	addons.xpi	INFO	Mapping {972ce4c6-7e08-4474-a285-3208198ce6fd} to C:\Program Files (x86)\Mozilla Firefox\browser\extensions\{972ce4c6-7e08-4474-a285-3208198ce6fd}.xpi
1545894966351	addons.xpi	DEBUG	Existing add-on {972ce4c6-7e08-4474-a285-3208198ce6fd} in app-global
1545894966352	addons.xpi	DEBUG	Existing add-on light_plugin_F88CEF8523DE460F9FA1D6E48BF8D340@kaspersky.com in winreg-app-global
1545894966352	addons.xpi	DEBUG	getInstallState changed: false, state: {}
1545894966417	DeferredSave.webext.sc.lz4	DEBUG	Write succeeded

	at org.openqa.selenium.firefox.internal.NewProfileExtensionConnection.start(NewProfileExtensionConnection.java:112)
	... 29 more
]]>
    </error>
  </testcase> <!-- User_registration -->
  <testcase name="login" time="0.007" classname="com.TestNG.Registeration">
    <error type="org.openqa.selenium.WebDriverException" message="Failed to connect to binary FirefoxBinary(C:\Program Files (x86)\Mozilla Firefox\firefox.exe) on port 7055; process output follows: 
: message was deserialized, but the handler returned false (indicating failure)

1545894966322	addons.manager	DEBUG	Starting provider: &lt;unnamed-provider&gt;
1545894966322	addons.manager	DEBUG	Registering shutdown blocker for &lt;unnamed-provider&gt;
1545894966323	addons.manager	DEBUG	Provider finished startup: &lt;unnamed-provider&gt;
1545894966331	addons.xpi	INFO	Mapping fxdriver@googlecode.com to C:\Users\DELL PC\AppData\Local\Temp\anonymous7534158661332238409webdriver-profile\extensions\fxdriver@googlecode.com
1545894966331	addons.xpi	DEBUG	Ignoring file entry whose name is not a valid add-on ID: C:\Users\DELL PC\AppData\Local\Temp\anonymous7534158661332238409webdriver-profile\extensions\webdriver-staging
1545894966332	addons.xpi	DEBUG	Existing add-on fxdriver@googlecode.com in app-profile
1545894966335	addons.xpi	INFO	Mapping activity-stream@mozilla.org to C:\Program Files (x86)\Mozilla Firefox\browser\features\activity-stream@mozilla.org.xpi
1545894966335	addons.xpi	INFO	Mapping aushelper@mozilla.org to C:\Program Files (x86)\Mozilla Firefox\browser\features\aushelper@mozilla.org.xpi
1545894966335	addons.xpi	INFO	Mapping clicktoplay-rollout@mozilla.org to C:\Program Files (x86)\Mozilla Firefox\browser\features\clicktoplay-rollout@mozilla.org.xpi
1545894966336	addons.xpi	INFO	Mapping e10srollout@mozilla.org to C:\Program Files (x86)\Mozilla Firefox\browser\features\e10srollout@mozilla.org.xpi
1545894966337	addons.xpi	INFO	Mapping firefox@getpocket.com to C:\Program Files (x86)\Mozilla Firefox\browser\features\firefox@getpocket.com.xpi
1545894966337	addons.xpi	INFO	Mapping followonsearch@mozilla.com to C:\Program Files (x86)\Mozilla Firefox\browser\features\followonsearch@mozilla.com.xpi
1545894966338	addons.xpi	INFO	Mapping formautofill@mozilla.org to C:\Program Files (x86)\Mozilla Firefox\browser\features\formautofill@mozilla.org.xpi
1545894966338	addons.xpi	INFO	Mapping onboarding@mozilla.org to C:\Program Files (x86)\Mozilla Firefox\browser\features\onboarding@mozilla.org.xpi
1545894966339	addons.xpi	INFO	Mapping screenshots@mozilla.org to C:\Program Files (x86)\Mozilla Firefox\browser\features\screenshots@mozilla.org.xpi
1545894966339	addons.xpi	INFO	Mapping shield-recipe-client@mozilla.org to C:\Program Files (x86)\Mozilla Firefox\browser\features\shield-recipe-client@mozilla.org.xpi
1545894966339	addons.xpi	INFO	Mapping webcompat@mozilla.org to C:\Program Files (x86)\Mozilla Firefox\browser\features\webcompat@mozilla.org.xpi
1545894966341	addons.xpi	DEBUG	Existing add-on activity-stream@mozilla.org in app-system-defaults
1545894966342	addons.xpi	DEBUG	Existing add-on aushelper@mozilla.org in app-system-defaults
1545894966343	addons.xpi	DEBUG	Existing add-on clicktoplay-rollout@mozilla.org in app-system-defaults
1545894966344	addons.xpi	DEBUG	Existing add-on e10srollout@mozilla.org in app-system-defaults
1545894966345	addons.xpi	DEBUG	Existing add-on firefox@getpocket.com in app-system-defaults
1545894966346	addons.xpi	DEBUG	Existing add-on followonsearch@mozilla.com in app-system-defaults
1545894966347	addons.xpi	DEBUG	Existing add-on formautofill@mozilla.org in app-system-defaults
1545894966347	addons.xpi	DEBUG	Existing add-on onboarding@mozilla.org in app-system-defaults
1545894966348	addons.xpi	DEBUG	Existing add-on screenshots@mozilla.org in app-system-defaults
1545894966349	addons.xpi	DEBUG	Existing add-on shield-recipe-client@mozilla.org in app-system-defaults
1545894966349	addons.xpi	DEBUG	Existing add-on webcompat@mozilla.org in app-system-defaults
1545894966350	addons.xpi	INFO	Mapping {972ce4c6-7e08-4474-a285-3208198ce6fd} to C:\Program Files (x86)\Mozilla Firefox\browser\extensions\{972ce4c6-7e08-4474-a285-3208198ce6fd}.xpi
1545894966351	addons.xpi	DEBUG	Existing add-on {972ce4c6-7e08-4474-a285-3208198ce6fd} in app-global
1545894966352	addons.xpi	DEBUG	Existing add-on light_plugin_F88CEF8523DE460F9FA1D6E48BF8D340@kaspersky.com in winreg-app-global
1545894966352	addons.xpi	DEBUG	getInstallState changed: false, state: {}
1545894966417	DeferredSave.webext.sc.lz4	DEBUG	Write succeeded

Build info: version: &#039;2.53.1&#039;, revision: &#039;a36b8b1&#039;, time: &#039;2016-06-30 17:37:03&#039;
System info: host: &#039;dell&#039;, ip: &#039;192.168.0.7&#039;, os.name: &#039;Windows 8.1&#039;, os.arch: &#039;amd64&#039;, os.version: &#039;6.3&#039;, java.version: &#039;1.8.0_161&#039;
Driver info: driver.version: FirefoxDriver">
      <![CDATA[org.openqa.selenium.WebDriverException: Failed to connect to binary FirefoxBinary(C:\Program Files (x86)\Mozilla Firefox\firefox.exe) on port 7055; process output follows: 
: message was deserialized, but the handler returned false (indicating failure)

1545894966322	addons.manager	DEBUG	Starting provider: <unnamed-provider>
1545894966322	addons.manager	DEBUG	Registering shutdown blocker for <unnamed-provider>
1545894966323	addons.manager	DEBUG	Provider finished startup: <unnamed-provider>
1545894966331	addons.xpi	INFO	Mapping fxdriver@googlecode.com to C:\Users\DELL PC\AppData\Local\Temp\anonymous7534158661332238409webdriver-profile\extensions\fxdriver@googlecode.com
1545894966331	addons.xpi	DEBUG	Ignoring file entry whose name is not a valid add-on ID: C:\Users\DELL PC\AppData\Local\Temp\anonymous7534158661332238409webdriver-profile\extensions\webdriver-staging
1545894966332	addons.xpi	DEBUG	Existing add-on fxdriver@googlecode.com in app-profile
1545894966335	addons.xpi	INFO	Mapping activity-stream@mozilla.org to C:\Program Files (x86)\Mozilla Firefox\browser\features\activity-stream@mozilla.org.xpi
1545894966335	addons.xpi	INFO	Mapping aushelper@mozilla.org to C:\Program Files (x86)\Mozilla Firefox\browser\features\aushelper@mozilla.org.xpi
1545894966335	addons.xpi	INFO	Mapping clicktoplay-rollout@mozilla.org to C:\Program Files (x86)\Mozilla Firefox\browser\features\clicktoplay-rollout@mozilla.org.xpi
1545894966336	addons.xpi	INFO	Mapping e10srollout@mozilla.org to C:\Program Files (x86)\Mozilla Firefox\browser\features\e10srollout@mozilla.org.xpi
1545894966337	addons.xpi	INFO	Mapping firefox@getpocket.com to C:\Program Files (x86)\Mozilla Firefox\browser\features\firefox@getpocket.com.xpi
1545894966337	addons.xpi	INFO	Mapping followonsearch@mozilla.com to C:\Program Files (x86)\Mozilla Firefox\browser\features\followonsearch@mozilla.com.xpi
1545894966338	addons.xpi	INFO	Mapping formautofill@mozilla.org to C:\Program Files (x86)\Mozilla Firefox\browser\features\formautofill@mozilla.org.xpi
1545894966338	addons.xpi	INFO	Mapping onboarding@mozilla.org to C:\Program Files (x86)\Mozilla Firefox\browser\features\onboarding@mozilla.org.xpi
1545894966339	addons.xpi	INFO	Mapping screenshots@mozilla.org to C:\Program Files (x86)\Mozilla Firefox\browser\features\screenshots@mozilla.org.xpi
1545894966339	addons.xpi	INFO	Mapping shield-recipe-client@mozilla.org to C:\Program Files (x86)\Mozilla Firefox\browser\features\shield-recipe-client@mozilla.org.xpi
1545894966339	addons.xpi	INFO	Mapping webcompat@mozilla.org to C:\Program Files (x86)\Mozilla Firefox\browser\features\webcompat@mozilla.org.xpi
1545894966341	addons.xpi	DEBUG	Existing add-on activity-stream@mozilla.org in app-system-defaults
1545894966342	addons.xpi	DEBUG	Existing add-on aushelper@mozilla.org in app-system-defaults
1545894966343	addons.xpi	DEBUG	Existing add-on clicktoplay-rollout@mozilla.org in app-system-defaults
1545894966344	addons.xpi	DEBUG	Existing add-on e10srollout@mozilla.org in app-system-defaults
1545894966345	addons.xpi	DEBUG	Existing add-on firefox@getpocket.com in app-system-defaults
1545894966346	addons.xpi	DEBUG	Existing add-on followonsearch@mozilla.com in app-system-defaults
1545894966347	addons.xpi	DEBUG	Existing add-on formautofill@mozilla.org in app-system-defaults
1545894966347	addons.xpi	DEBUG	Existing add-on onboarding@mozilla.org in app-system-defaults
1545894966348	addons.xpi	DEBUG	Existing add-on screenshots@mozilla.org in app-system-defaults
1545894966349	addons.xpi	DEBUG	Existing add-on shield-recipe-client@mozilla.org in app-system-defaults
1545894966349	addons.xpi	DEBUG	Existing add-on webcompat@mozilla.org in app-system-defaults
1545894966350	addons.xpi	INFO	Mapping {972ce4c6-7e08-4474-a285-3208198ce6fd} to C:\Program Files (x86)\Mozilla Firefox\browser\extensions\{972ce4c6-7e08-4474-a285-3208198ce6fd}.xpi
1545894966351	addons.xpi	DEBUG	Existing add-on {972ce4c6-7e08-4474-a285-3208198ce6fd} in app-global
1545894966352	addons.xpi	DEBUG	Existing add-on light_plugin_F88CEF8523DE460F9FA1D6E48BF8D340@kaspersky.com in winreg-app-global
1545894966352	addons.xpi	DEBUG	getInstallState changed: false, state: {}
1545894966417	DeferredSave.webext.sc.lz4	DEBUG	Write succeeded

Build info: version: '2.53.1', revision: 'a36b8b1', time: '2016-06-30 17:37:03'
System info: host: 'dell', ip: '192.168.0.7', os.name: 'Windows 8.1', os.arch: 'amd64', os.version: '6.3', java.version: '1.8.0_161'
Driver info: driver.version: FirefoxDriver
	at org.openqa.selenium.firefox.internal.NewProfileExtensionConnection.start(NewProfileExtensionConnection.java:124)
	at org.openqa.selenium.firefox.FirefoxDriver.startClient(FirefoxDriver.java:271)
	at org.openqa.selenium.remote.RemoteWebDriver.<init>(RemoteWebDriver.java:119)
	at org.openqa.selenium.firefox.FirefoxDriver.<init>(FirefoxDriver.java:218)
	at org.openqa.selenium.firefox.FirefoxDriver.<init>(FirefoxDriver.java:211)
	at org.openqa.selenium.firefox.FirefoxDriver.<init>(FirefoxDriver.java:207)
	at org.openqa.selenium.firefox.FirefoxDriver.<init>(FirefoxDriver.java:120)
	at com.TestNG.Registeration.Setup(Registeration.java:19)
	at sun.reflect.NativeMethodAccessorImpl.invoke0(Native Method)
	at sun.reflect.NativeMethodAccessorImpl.invoke(Unknown Source)
	at sun.reflect.DelegatingMethodAccessorImpl.invoke(Unknown Source)
	at java.lang.reflect.Method.invoke(Unknown Source)
	at org.testng.internal.MethodInvocationHelper.invokeMethod(MethodInvocationHelper.java:85)
	at org.testng.internal.Invoker.invokeConfigurationMethod(Invoker.java:510)
	at org.testng.internal.Invoker.invokeConfigurations(Invoker.java:211)
	at org.testng.internal.Invoker.invokeConfigurations(Invoker.java:138)
	at org.testng.TestRunner.beforeRun(TestRunner.java:648)
	at org.testng.TestRunner.run(TestRunner.java:616)
	at org.testng.SuiteRunner.runTest(SuiteRunner.java:359)
	at org.testng.SuiteRunner.runSequentially(SuiteRunner.java:354)
	at org.testng.SuiteRunner.privateRun(SuiteRunner.java:312)
	at org.testng.SuiteRunner.run(SuiteRunner.java:261)
	at org.testng.SuiteRunnerWorker.runSuite(SuiteRunnerWorker.java:52)
	at org.testng.SuiteRunnerWorker.run(SuiteRunnerWorker.java:86)
	at org.testng.TestNG.runSuitesSequentially(TestNG.java:1215)
	at org.testng.TestNG.runSuitesLocally(TestNG.java:1140)
	at org.testng.TestNG.run(TestNG.java:1048)
	at org.testng.remote.AbstractRemoteTestNG.run(AbstractRemoteTestNG.java:114)
	at org.testng.remote.RemoteTestNG.initAndRun(RemoteTestNG.java:251)
	at org.testng.remote.RemoteTestNG.main(RemoteTestNG.java:77)
Caused by: org.openqa.selenium.firefox.NotConnectedException: Unable to connect to host 127.0.0.1 on port 7055 after 45000 ms. Firefox console output:
: message was deserialized, but the handler returned false (indicating failure)

1545894966322	addons.manager	DEBUG	Starting provider: <unnamed-provider>
1545894966322	addons.manager	DEBUG	Registering shutdown blocker for <unnamed-provider>
1545894966323	addons.manager	DEBUG	Provider finished startup: <unnamed-provider>
1545894966331	addons.xpi	INFO	Mapping fxdriver@googlecode.com to C:\Users\DELL PC\AppData\Local\Temp\anonymous7534158661332238409webdriver-profile\extensions\fxdriver@googlecode.com
1545894966331	addons.xpi	DEBUG	Ignoring file entry whose name is not a valid add-on ID: C:\Users\DELL PC\AppData\Local\Temp\anonymous7534158661332238409webdriver-profile\extensions\webdriver-staging
1545894966332	addons.xpi	DEBUG	Existing add-on fxdriver@googlecode.com in app-profile
1545894966335	addons.xpi	INFO	Mapping activity-stream@mozilla.org to C:\Program Files (x86)\Mozilla Firefox\browser\features\activity-stream@mozilla.org.xpi
1545894966335	addons.xpi	INFO	Mapping aushelper@mozilla.org to C:\Program Files (x86)\Mozilla Firefox\browser\features\aushelper@mozilla.org.xpi
1545894966335	addons.xpi	INFO	Mapping clicktoplay-rollout@mozilla.org to C:\Program Files (x86)\Mozilla Firefox\browser\features\clicktoplay-rollout@mozilla.org.xpi
1545894966336	addons.xpi	INFO	Mapping e10srollout@mozilla.org to C:\Program Files (x86)\Mozilla Firefox\browser\features\e10srollout@mozilla.org.xpi
1545894966337	addons.xpi	INFO	Mapping firefox@getpocket.com to C:\Program Files (x86)\Mozilla Firefox\browser\features\firefox@getpocket.com.xpi
1545894966337	addons.xpi	INFO	Mapping followonsearch@mozilla.com to C:\Program Files (x86)\Mozilla Firefox\browser\features\followonsearch@mozilla.com.xpi
1545894966338	addons.xpi	INFO	Mapping formautofill@mozilla.org to C:\Program Files (x86)\Mozilla Firefox\browser\features\formautofill@mozilla.org.xpi
1545894966338	addons.xpi	INFO	Mapping onboarding@mozilla.org to C:\Program Files (x86)\Mozilla Firefox\browser\features\onboarding@mozilla.org.xpi
1545894966339	addons.xpi	INFO	Mapping screenshots@mozilla.org to C:\Program Files (x86)\Mozilla Firefox\browser\features\screenshots@mozilla.org.xpi
1545894966339	addons.xpi	INFO	Mapping shield-recipe-client@mozilla.org to C:\Program Files (x86)\Mozilla Firefox\browser\features\shield-recipe-client@mozilla.org.xpi
1545894966339	addons.xpi	INFO	Mapping webcompat@mozilla.org to C:\Program Files (x86)\Mozilla Firefox\browser\features\webcompat@mozilla.org.xpi
1545894966341	addons.xpi	DEBUG	Existing add-on activity-stream@mozilla.org in app-system-defaults
1545894966342	addons.xpi	DEBUG	Existing add-on aushelper@mozilla.org in app-system-defaults
1545894966343	addons.xpi	DEBUG	Existing add-on clicktoplay-rollout@mozilla.org in app-system-defaults
1545894966344	addons.xpi	DEBUG	Existing add-on e10srollout@mozilla.org in app-system-defaults
1545894966345	addons.xpi	DEBUG	Existing add-on firefox@getpocket.com in app-system-defaults
1545894966346	addons.xpi	DEBUG	Existing add-on followonsearch@mozilla.com in app-system-defaults
1545894966347	addons.xpi	DEBUG	Existing add-on formautofill@mozilla.org in app-system-defaults
1545894966347	addons.xpi	DEBUG	Existing add-on onboarding@mozilla.org in app-system-defaults
1545894966348	addons.xpi	DEBUG	Existing add-on screenshots@mozilla.org in app-system-defaults
1545894966349	addons.xpi	DEBUG	Existing add-on shield-recipe-client@mozilla.org in app-system-defaults
1545894966349	addons.xpi	DEBUG	Existing add-on webcompat@mozilla.org in app-system-defaults
1545894966350	addons.xpi	INFO	Mapping {972ce4c6-7e08-4474-a285-3208198ce6fd} to C:\Program Files (x86)\Mozilla Firefox\browser\extensions\{972ce4c6-7e08-4474-a285-3208198ce6fd}.xpi
1545894966351	addons.xpi	DEBUG	Existing add-on {972ce4c6-7e08-4474-a285-3208198ce6fd} in app-global
1545894966352	addons.xpi	DEBUG	Existing add-on light_plugin_F88CEF8523DE460F9FA1D6E48BF8D340@kaspersky.com in winreg-app-global
1545894966352	addons.xpi	DEBUG	getInstallState changed: false, state: {}
1545894966417	DeferredSave.webext.sc.lz4	DEBUG	Write succeeded

	at org.openqa.selenium.firefox.internal.NewProfileExtensionConnection.start(NewProfileExtensionConnection.java:112)
	... 29 more
]]>
    </error>
  </testcase> <!-- login -->
</testsuite> <!-- com.TestNG.Registeration -->
